#
# A fatal error has been detected by the Java Runtime Environment:
#
#  SIGBUS (0xa) at pc=0x000000010a494971, pid=3148, tid=0x0000000000001f03
#
# JRE version: OpenJDK Runtime Environment (8.0_242) (build 1.8.0_242-release-1644-b3-6915495)
# Java VM: OpenJDK 64-Bit Server VM (25.242-b3-6915495 mixed mode bsd-amd64 compressed oops)
# Problematic frame:
# V  [libjvm.dylib+0x494971]
#
# Failed to write core dump. Core dumps have been disabled. To enable core dumping, try "ulimit -c unlimited" before starting Java again
#
# If you would like to submit a bug report, please visit:
#   http://bugreport.java.com/bugreport/crash.jsp
#

---------------  T H R E A D  ---------------

Current thread (0x00007ff6ec01a000):  GCTaskThread [stack: 0x000070000de53000,0x000070000df53000] [id=7939]

siginfo: si_signo: 10 (SIGBUS), si_code: 2 (BUS_ADRERR), si_addr: 0x0000000107fdd018

Registers:
RAX=0x0000000000003829, RBX=0x0000000107f8d000, RCX=0x000000000004ffd8, RDX=0x000000003ec00006
RSP=0x000070000df52c60, RBP=0x000070000df52c70, RSI=0x000000078b4c10a8, RDI=0x000000010a827530
R8 =0x0000000000005829, R9 =0x000000010a8268a0, R10=0x0000000000000001, R11=0x0000000000000000
R12=0x00007ff6ebd18a60, R13=0x00000007c0bd6650, R14=0x0000000107fcc884, R15=0x000000003ec00006
RIP=0x000000010a494971, EFLAGS=0x0000000000010202, ERR=0x0000000000000007
  TRAPNO=0x000000000000000e

Top of Stack: (sp=0x000070000df52c60)
0x000070000df52c60:   000000078b4c10a8 00007ff6ebd18a60
0x000070000df52c70:   000070000df52ca0 000000010a481a1c
0x000070000df52c80:   0000000000000005 00000007b5971e8c
0x000070000df52c90:   00000007b5971ea0 00000007b5971e80
0x000070000df52ca0:   000070000df52cf0 000000010a297b33
0x000070000df52cb0:   00000006c4690348 00000006c0019760
0x000070000df52cc0:   00000007c0bd6660 00007ff6ebd18aa0
0x000070000df52cd0:   000070000df52e48 00007ff6ebd18a60
0x000070000df52ce0:   000000010a8112d8 00007ff6ebd18a68
0x000070000df52cf0:   000070000df52da0 000000010a48f904
0x000070000df52d00:   00000007b5971e80 0000000000000000
0x000070000df52d10:   00007ff6ebd13188 00007ff6ebd18ae8
0x000070000df52d20:   0000000000000000 00000006c0004090
0x000070000df52d30:   00007ff6ebd18a60 00007ff6ebd18aa0
0x000070000df52d40:   00007ff6ebd18b20 000000010a481c35
0x000070000df52d50:   000000010a7f8378 0000000000000078
0x000070000df52d60:   000070000df52e48 000000010a83cb50
0x000070000df52d70:   000070000df52da0 00007ff6ebd16230
0x000070000df52d80:   000070000df52e48 000000010a5cd8e7
0x000070000df52d90:   00007ff6ebd18a60 0000000000000001
0x000070000df52da0:   000070000df52e80 000000010a480dab
0x000070000df52db0:   00007ff6ebd15288 00007ff6ebd15280
0x000070000df52dc0:   000070000df52e20 00007fff2030de5d
0x000070000df52dd0:   00007ff6ebf07738 0000000000000000
0x000070000df52de0:   00007ff6ebd15268 434f4e45ec01a000
0x000070000df52df0:   0000000000000000 00007ff6ebd15268
0x000070000df52e00:   00007ff6ebd16230 000000010a5abf3b
0x000070000df52e10:   00007ff6ebd15228 0000000000000001
0x000070000df52e20:   000070000df52e50 000000010a45dd0f
0x000070000df52e30:   000000010a7f83a8 00007ff6ebf07600
0x000070000df52e40:   000070000df52e48 000000010a7f8378
0x000070000df52e50:   000070000df52e00 00007ff6ebd18a60 

Instructions: (pc=0x000000010a494971)
0x000000010a494951:   45 0f c1 1e 48 8d 41 01 4c 39 c0 73 2d 49 8d 40
0x000000010a494961:   ff 48 29 c8 48 c1 e1 03 48 8d 0c 89 48 8b 5f 18
0x000000010a494971:   c7 44 0b 40 00 00 01 00 48 8b 5f 18 48 89 74 0b
0x000000010a494981:   38 48 83 c1 28 48 ff c8 75 e2 8d 44 d6 f8 48 8b 

Register to memory mapping:

RAX=0x0000000000003829 is an unknown value
RBX=0x0000000107f8d000 is an unknown value
RCX=0x000000000004ffd8 is an unknown value
RDX=0x000000003ec00006 is an unknown value
RSP=0x000070000df52c60 is an unknown value
RBP=0x000070000df52c70 is an unknown value
RSI=0x000000078b4c10a8 is an oop
